Determining if the pthread_create exist failed with the following output:
Change Dir: /home/blue/Code/TcpDemo/build/CMakeFiles/CMakeTmp

Run Build Command:/usr/bin/gmake "cmTryCompileExec1752030031/fast"
/usr/bin/gmake -f CMakeFiles/cmTryCompileExec1752030031.dir/build.make CMakeFiles/cmTryCompileExec1752030031.dir/build
gmake[1]: Entering directory `/home/blue/Code/TcpDemo/build/CMakeFiles/CMakeTmp'
/usr/bin/cmake -E cmake_progress_report /home/blue/Code/TcpDemo/build/CMakeFiles/CMakeTmp/CMakeFiles 1
Building C object CMakeFiles/cmTryCompileExec1752030031.dir/CheckSymbolExists.c.o
/usr/bin/cc   -rdynamic -O3 -fPIC -ggdb -std=c11 -Wall -Wno-deprecated -Werror -Wno-unused-function -Wno-builtin-macro-redefined -Wno-deprecated-declarations    -o CMakeFiles/cmTryCompileExec1752030031.dir/CheckSymbolExists.c.o   -c /home/blue/Code/TcpDemo/build/CMakeFiles/CMakeTmp/CheckSymbolExists.c
Linking C executable cmTryCompileExec1752030031
/usr/bin/cmake -E cmake_link_script CMakeFiles/cmTryCompileExec1752030031.dir/link.txt --verbose=1
/usr/bin/cc   -rdynamic -O3 -fPIC -ggdb -std=c11 -Wall -Wno-deprecated -Werror -Wno-unused-function -Wno-builtin-macro-redefined -Wno-deprecated-declarations     CMakeFiles/cmTryCompileExec1752030031.dir/CheckSymbolExists.c.o  -o cmTryCompileExec1752030031 -rdynamic 
CMakeFiles/cmTryCompileExec1752030031.dir/CheckSymbolExists.c.o: In function `main':
/home/blue/Code/TcpDemo/build/CMakeFiles/CMakeTmp/CheckSymbolExists.c:8: undefined reference to `pthread_create'
collect2: error: ld returned 1 exit status
gmake[1]: Leaving directory `/home/blue/Code/TcpDemo/build/CMakeFiles/CMakeTmp'
gmake[1]: *** [cmTryCompileExec1752030031] Error 1
gmake: *** [cmTryCompileExec1752030031/fast] Error 2

File /home/blue/Code/TcpDemo/build/CMakeFiles/CMakeTmp/CheckSymbolExists.c:
/* */
#include <pthread.h>

int main(int argc, char** argv)
{
  (void)argv;
#ifndef pthread_create
  return ((int*)(&pthread_create))[argc];
#else
  (void)argc;
  return 0;
#endif
}

Determining if the function pthread_create exists in the pthreads failed with the following output:
Change Dir: /home/blue/Code/TcpDemo/build/CMakeFiles/CMakeTmp

Run Build Command:/usr/bin/gmake "cmTryCompileExec538551870/fast"
/usr/bin/gmake -f CMakeFiles/cmTryCompileExec538551870.dir/build.make CMakeFiles/cmTryCompileExec538551870.dir/build
gmake[1]: Entering directory `/home/blue/Code/TcpDemo/build/CMakeFiles/CMakeTmp'
/usr/bin/cmake -E cmake_progress_report /home/blue/Code/TcpDemo/build/CMakeFiles/CMakeTmp/CMakeFiles 1
Building C object CMakeFiles/cmTryCompileExec538551870.dir/CheckFunctionExists.c.o
/usr/bin/cc   -rdynamic -O3 -fPIC -ggdb -std=c11 -Wall -Wno-deprecated -Werror -Wno-unused-function -Wno-builtin-macro-redefined -Wno-deprecated-declarations -DCHECK_FUNCTION_EXISTS=pthread_create   -o CMakeFiles/cmTryCompileExec538551870.dir/CheckFunctionExists.c.o   -c /usr/share/cmake/Modules/CheckFunctionExists.c
Linking C executable cmTryCompileExec538551870
/usr/bin/cmake -E cmake_link_script CMakeFiles/cmTryCompileExec538551870.dir/link.txt --verbose=1
/usr/bin/cc   -rdynamic -O3 -fPIC -ggdb -std=c11 -Wall -Wno-deprecated -Werror -Wno-unused-function -Wno-builtin-macro-redefined -Wno-deprecated-declarations -DCHECK_FUNCTION_EXISTS=pthread_create    CMakeFiles/cmTryCompileExec538551870.dir/CheckFunctionExists.c.o  -o cmTryCompileExec538551870 -rdynamic -lpthreads 
/usr/bin/ld: cannot find -lpthreads
collect2: error: ld returned 1 exit status
gmake[1]: Leaving directory `/home/blue/Code/TcpDemo/build/CMakeFiles/CMakeTmp'
gmake[1]: *** [cmTryCompileExec538551870] Error 1
gmake: *** [cmTryCompileExec538551870/fast] Error 2


